TN:
SF:/Users/javi/personal/api-ts/src/app.ts
FNF:0
FNH:0
DA:1,1
DA:3,1
DA:5,1
DA:6,1
DA:7,1
DA:12,1
DA:14,1
DA:15,1
DA:17,1
DA:18,1
DA:20,1
LF:11
LH:11
BRF:0
BRH:0
end_of_record
TN:
SF:/Users/javi/personal/api-ts/src/config/index.js
FNF:0
FNH:0
DA:1,1
LF:1
LH:1
BRF:0
BRH:0
end_of_record
TN:
SF:/Users/javi/personal/api-ts/src/controllers/index.ts
FN:16,createRouterFromController
FN:19,(anonymous_2)
FN:42,createControllers
FNF:3
FNH:3
FNDA:1,createRouterFromController
FNDA:1,(anonymous_2)
FNDA:1,createControllers
DA:1,1
DA:6,1
DA:7,1
DA:17,1
DA:19,1
DA:20,1
DA:25,1
DA:28,1
DA:29,1
DA:30,1
DA:33,1
DA:43,1
DA:44,1
DA:46,1
DA:47,1
DA:48,1
DA:51,1
LF:17
LH:17
BRDA:21,0,0,1
BRDA:21,0,1,0
BRF:2
BRH:1
end_of_record
TN:
SF:/Users/javi/personal/api-ts/src/controllers/example/example.controller.ts
FN:11,(anonymous_0)
FN:15,(anonymous_1)
FN:17,(anonymous_2)
FNF:3
FNH:3
FNDA:1,(anonymous_0)
FNDA:1,(anonymous_1)
FNDA:1,(anonymous_2)
DA:7,1
DA:12,1
DA:16,1
DA:18,1
DA:23,1
LF:5
LH:5
BRF:0
BRH:0
end_of_record
TN:
SF:/Users/javi/personal/api-ts/src/controllers/example/example.routes.ts
FNF:0
FNH:0
DA:3,1
DA:12,1
LF:2
LH:2
BRF:0
BRH:0
end_of_record
TN:
SF:/Users/javi/personal/api-ts/src/models/index.ts
FNF:0
FNH:0
DA:1,1
LF:1
LH:1
BRF:0
BRH:0
end_of_record
TN:
SF:/Users/javi/personal/api-ts/src/services/example.service.ts
FN:8,(anonymous_1)
FN:14,(anonymous_2)
FNF:2
FNH:2
FNDA:2,(anonymous_1)
FNDA:2,(anonymous_2)
DA:1,2
DA:9,2
DA:10,2
DA:11,2
DA:15,2
DA:19,2
LF:6
LH:6
BRF:0
BRH:0
end_of_record
TN:
SF:/Users/javi/personal/api-ts/src/services/index.ts
FN:3,createServices
FNF:1
FNH:1
FNDA:1,createServices
DA:1,1
DA:4,1
DA:9,1
LF:3
LH:3
BRF:0
BRH:0
end_of_record
